<?xml version="1.0" encoding="UTF-8"?>
<!-- Generated by org.testng.reporters.JUnitReportReporter -->
<testsuite skipped="0" hostname="Santosh-PC" name="com.tcs.utilities.NewTest" tests="1" failures="0" timestamp="06 Feb 2019 19:30:49 GMT" time="0.921" errors="0">
  <testcase name="f" time="0.921" classname="com.tcs.utilities.NewTest"/>
</testsuite> <!-- com.tcs.utilities.NewTest -->
