<?xml version="1.0" encoding="UTF-8"?>
<!-- Generated by org.testng.reporters.JUnitReportReporter -->
<testsuite skipped="0" hostname="Santosh-PC" name="com.tcs.utilities.ExcelDataProvider" tests="2" failures="0" timestamp="06 Feb 2019 19:42:00 GMT" time="0.025" errors="0">
  <testcase name="test1" time="0.005" classname="com.tcs.utilities.ExcelDataProvider"/>
  <testcase name="test1" time="0.020" classname="com.tcs.utilities.ExcelDataProvider"/>
</testsuite> <!-- com.tcs.utilities.ExcelDataProvider -->
