<?xml version="1.0" encoding="UTF-8"?>
<!-- Generated by org.testng.reporters.JUnitReportReporter -->
<testsuite skipped="0" hostname="Santosh-PC" name="com.tcs.testcases.LoginTest" tests="1" failures="0" timestamp="06 Feb 2019 18:33:18 GMT" time="6.091" errors="0">
  <testcase name="loginToMercurySite" time="6.091" classname="com.tcs.testcases.LoginTest"/>
</testsuite> <!-- com.tcs.testcases.LoginTest -->
